Build started 26.03.2013 23:22:07.
     1>Project "C:\Users\Свет\documents\visual studio 2010\Projects\ForGameloft_1\ForGameloft_1\ForGameloft_1.vcxproj" on node 2 (build target(s)).
     1>InitializeBuildStatus:
         Creating "Debug\ForGameloft_1.unsuccessfulbuild" because "AlwaysCreate" was specified.
       ClCompile:
         All outputs are up-to-date.
         C:\Program Files (x86)\Microsoft Visual Studio 10.0\VC\bin\CL.exe /c /ZI /nologo /W3 /WX- /Od /Oy- /D WIN32 /D _DEBUG /D _CONSOLE /D _UNICODE /D UNICODE /Gm /EHsc /RTC1 /MDd /GS /fp:precise /Zc:wchar_t /Zc:forScope /Yu"StdAfx.h" /Fp"Debug\ForGameloft_1.pch" /Fo"Debug\\" /Fd"Debug\vc100.pdb" /Gd /TP /analyze- /errorReport:prompt ForGameloft_1.cpp Vecto.cpp
         Vecto.cpp
         ForGameloft_1.cpp
     1>c:\users\свет\documents\visual studio 2010\projects\forgameloft_1\forgameloft_1\forgameloft_1.cpp(14): warning C4305: 'argument' : truncation from 'double' to 'float'
     1>c:\users\свет\documents\visual studio 2010\projects\forgameloft_1\forgameloft_1\forgameloft_1.cpp(14): warning C4305: 'argument' : truncation from 'double' to 'float'
         Generating Code...
       ManifestResourceCompile:
         All outputs are up-to-date.
       Link:
         C:\Program Files (x86)\Microsoft Visual Studio 10.0\VC\bin\link.exe /ERRORREPORT:PROMPT /OUT:"C:\Users\Свет\documents\visual studio 2010\Projects\ForGameloft_1\Debug\ForGameloft_1.exe" /INCREMENTAL /NOLOGO kernel32.lib user32.lib gdi32.lib winspool.lib comdlg32.lib advapi32.lib shell32.lib ole32.lib oleaut32.lib uuid.lib odbc32.lib odbccp32.lib /MANIFEST /ManifestFile:"Debug\ForGameloft_1.exe.intermediate.manifest" /MANIFESTUAC:"level='asInvoker' uiAccess='false'" /DEBUG /PDB:"C:\Users\Свет\documents\visual studio 2010\Projects\ForGameloft_1\Debug\ForGameloft_1.pdb" /SUBSYSTEM:CONSOLE /TLBID:1 /DYNAMICBASE /NXCOMPAT /IMPLIB:"C:\Users\Свет\documents\visual studio 2010\Projects\ForGameloft_1\Debug\ForGameloft_1.lib" /MACHINE:X86 Debug\ForGameloft_1.exe.embed.manifest.res
         Debug\ForGameloft_1.obj
         Debug\stdafx.obj
         Debug\Vecto.obj
       Manifest:
         C:\Program Files (x86)\Microsoft SDKs\Windows\v7.0A\bin\mt.exe /nologo /verbose /out:"Debug\ForGameloft_1.exe.embed.manifest" /manifest Debug\ForGameloft_1.exe.intermediate.manifest
         All outputs are up-to-date.
       LinkEmbedManifest:
         All outputs are up-to-date.
         ForGameloft_1.vcxproj -> C:\Users\Свет\documents\visual studio 2010\Projects\ForGameloft_1\Debug\ForGameloft_1.exe
       FinalizeBuildStatus:
         Deleting file "Debug\ForGameloft_1.unsuccessfulbuild".
         Touching "Debug\ForGameloft_1.lastbuildstate".
     1>Done Building Project "C:\Users\Свет\documents\visual studio 2010\Projects\ForGameloft_1\ForGameloft_1\ForGameloft_1.vcxproj" (build target(s)).

Build succeeded.

Time Elapsed 00:00:02.23
